<?xml version="1.0" encoding="UTF-8"?>
<testng-results ignored="0" total="1" passed="1" failed="0" skipped="0">
  <reporter-output>
  </reporter-output>
  <suite started-at="2022-11-26T20:53:09 SGT" name="Default suite" finished-at="2022-11-26T20:53:29 SGT" duration-ms="19523">
    <groups>
    </groups>
    <test started-at="2022-11-26T20:53:09 SGT" name="Default test" finished-at="2022-11-26T20:53:29 SGT" duration-ms="19523">
      <class name="testcases.LoginTest">
        <test-method is-config="true" signature="setupBrowser()[pri:0, instance:testcases.LoginTest@37d4349f]" started-at="2022-11-26T20:53:09 SGT" name="setupBrowser" finished-at="2022-11-26T20:53:21 SGT" duration-ms="11625" status="PASS">
          <reporter-output>
          </reporter-output>
        </test-method> <!-- setupBrowser -->
        <test-method signature="loginToHRM()[pri:0, instance:testcases.LoginTest@37d4349f]" started-at="2022-11-26T20:53:21 SGT" name="loginToHRM" finished-at="2022-11-26T20:53:28 SGT" duration-ms="7638" status="PASS">
          <reporter-output>
          </reporter-output>
        </test-method> <!-- loginToHRM -->
        <test-method is-config="true" signature="closeSession()[pri:0, instance:testcases.LoginTest@37d4349f]" started-at="2022-11-26T20:53:28 SGT" name="closeSession" finished-at="2022-11-26T20:53:29 SGT" duration-ms="229" status="PASS">
          <reporter-output>
          </reporter-output>
        </test-method> <!-- closeSession -->
      </class> <!-- testcases.LoginTest -->
    </test> <!-- Default test -->
  </suite> <!-- Default suite -->
</testng-results>
